<?xml version="1.0" encoding="UTF-8"?>
<testsuite name="JUnit5ExampleTest" tests="1" skipped="0" failures="0" errors="0" timestamp="2018-06-07T15:01:01" hostname="jenkins-slave-9kc7n-cf3s4" time="0.01">
  <properties/>
  <testcase name="justAnExample()" classname="JUnit5ExampleTest" time="0.01"/>
  <system-out><![CDATA[This test method ran!
]]></system-out>
  <system-err><![CDATA[]]></system-err>
</testsuite>
